{"/Users/kv-root/Contracts/Kontracts/client/src/supertokens-config.tsx": {"path":"/Users/kv-root/Contracts/Kontracts/client/src/supertokens-config.tsx","statementMap":{"0":{"start":{"line":7,"column":20},"end":{"line":7,"column":57}},"1":{"start":{"line":8,"column":19},"end":{"line":10,"column":39}},"2":{"start":{"line":11,"column":4},"end":{"line":11,"column":18}},"3":{"start":{"line":15,"column":24},"end":{"line":15,"column":28}},"4":{"start":{"line":16,"column":23},"end":{"line":18,"column":43}},"5":{"start":{"line":19,"column":4},"end":{"line":19,"column":22}},"6":{"start":{"line":22,"column":33},"end":{"line":53,"column":2}},"7":{"start":{"line":47,"column":46},"end":{"line":52,"column":null}},"8":{"start":{"line":48,"column":8},"end":{"line":50,"column":9}},"9":{"start":{"line":49,"column":12},"end":{"line":49,"column":32}},"10":{"start":{"line":51,"column":8},"end":{"line":51,"column":25}}},"fnMap":{"0":{"name":"getApiDomain","decl":{"start":{"line":6,"column":16},"end":{"line":6,"column":28}},"loc":{"start":{"line":6,"column":28},"end":{"line":12,"column":1}}},"1":{"name":"getWebsiteDomain","decl":{"start":{"line":14,"column":16},"end":{"line":14,"column":32}},"loc":{"start":{"line":14,"column":32},"end":{"line":20,"column":1}}},"2":{"name":"(anonymous_9)","decl":{"start":{"line":47,"column":23},"end":{"line":47,"column":30}},"loc":{"start":{"line":47,"column":46},"end":{"line":52,"column":null}}},"3":{"name":"(anonymous_10)","decl":{"start":{"line":47,"column":46},"end":{"line":47,"column":null}},"loc":{"start":{"line":47,"column":46},"end":{"line":52,"column":5}}}},"branchMap":{"0":{"loc":{"start":{"line":7,"column":20},"end":{"line":7,"column":57}},"type":"binary-expr","locations":[{"start":{"line":7,"column":20},"end":{"line":7,"column":49}},{"start":{"line":7,"column":53},"end":{"line":7,"column":57}}]},"1":{"loc":{"start":{"line":8,"column":19},"end":{"line":10,"column":39}},"type":"cond-expr","locations":[{"start":{"line":9,"column":10},"end":{"line":9,"column":46}},{"start":{"line":10,"column":10},"end":{"line":10,"column":39}}]},"2":{"loc":{"start":{"line":16,"column":23},"end":{"line":18,"column":43}},"type":"cond-expr","locations":[{"start":{"line":17,"column":10},"end":{"line":17,"column":46}},{"start":{"line":18,"column":10},"end":{"line":18,"column":43}}]},"3":{"loc":{"start":{"line":48,"column":8},"end":{"line":50,"column":9}},"type":"if","locations":[{"start":{"line":48,"column":8},"end":{"line":50,"column":9}},{"start":{},"end":{}}]},"4":{"loc":{"start":{"line":48,"column":12},"end":{"line":48,"column":69}},"type":"binary-expr","locations":[{"start":{"line":48,"column":12},"end":{"line":48,"column":40}},{"start":{"line":48,"column":44},"end":{"line":48,"column":69}}]}},"s":{"0":0,"1":0,"2":0,"3":0,"4":0,"5":0,"6":0,"7":0,"8":0,"9":0,"10":0},"f":{"0":0,"1":0,"2":0,"3":0},"b":{"0":[0,0],"1":[0,0],"2":[0,0],"3":[0,0],"4":[0,0]}}
,"/Users/kv-root/Contracts/Kontracts/client/src/components/ui/aspect-ratio.tsx": {"path":"/Users/kv-root/Contracts/Kontracts/client/src/components/ui/aspect-ratio.tsx","statementMap":{"0":{"start":{"line":3,"column":20},"end":{"line":3,"column":45}}},"fnMap":{},"branchMap":{},"s":{"0":0},"f":{},"b":{}}
,"/Users/kv-root/Contracts/Kontracts/client/src/components/ui/collapsible.tsx": {"path":"/Users/kv-root/Contracts/Kontracts/client/src/components/ui/collapsible.tsx","statementMap":{"0":{"start":{"line":5,"column":20},"end":{"line":5,"column":45}},"1":{"start":{"line":7,"column":27},"end":{"line":7,"column":66}},"2":{"start":{"line":9,"column":27},"end":{"line":9,"column":66}}},"fnMap":{},"branchMap":{},"s":{"0":0,"1":0,"2":0},"f":{},"b":{}}
,"/Users/kv-root/Contracts/Kontracts/client/src/hooks/use-mobile.tsx": {"path":"/Users/kv-root/Contracts/Kontracts/client/src/hooks/use-mobile.tsx","statementMap":{"0":{"start":{"line":3,"column":26},"end":{"line":3,"column":29}},"1":{"start":{"line":6,"column":34},"end":{"line":6,"column":80}},"2":{"start":{"line":8,"column":2},"end":{"line":16,"column":null}},"3":{"start":{"line":9,"column":16},"end":{"line":9,"column":76}},"4":{"start":{"line":10,"column":21},"end":{"line":12,"column":5}},"5":{"start":{"line":11,"column":6},"end":{"line":11,"column":null}},"6":{"start":{"line":13,"column":4},"end":{"line":13,"column":null}},"7":{"start":{"line":14,"column":4},"end":{"line":14,"column":null}},"8":{"start":{"line":15,"column":4},"end":{"line":15,"column":null}},"9":{"start":{"line":15,"column":17},"end":{"line":15,"column":60}},"10":{"start":{"line":18,"column":2},"end":{"line":18,"column":null}}},"fnMap":{"0":{"name":"useIsMobile","decl":{"start":{"line":5,"column":16},"end":{"line":5,"column":27}},"loc":{"start":{"line":5,"column":27},"end":{"line":19,"column":1}}},"1":{"name":"(anonymous_1)","decl":{"start":{"line":8,"column":18},"end":{"line":8,"column":21}},"loc":{"start":{"line":8,"column":23},"end":{"line":16,"column":3}}},"2":{"name":"(anonymous_2)","decl":{"start":{"line":10,"column":21},"end":{"line":10,"column":24}},"loc":{"start":{"line":10,"column":26},"end":{"line":12,"column":5}}},"3":{"name":"(anonymous_3)","decl":{"start":{"line":15,"column":11},"end":{"line":15,"column":14}},"loc":{"start":{"line":15,"column":17},"end":{"line":15,"column":60}}}},"branchMap":{},"s":{"0":0,"1":0,"2":0,"3":0,"4":0,"5":0,"6":0,"7":0,"8":0,"9":0,"10":0},"f":{"0":0,"1":0,"2":0,"3":0},"b":{}}
,"/Users/kv-root/Contracts/Kontracts/client/src/hooks/use-toast.ts": {"path":"/Users/kv-root/Contracts/Kontracts/client/src/hooks/use-toast.ts","statementMap":{"0":{"start":{"line":8,"column":20},"end":{"line":8,"column":21}},"1":{"start":{"line":9,"column":27},"end":{"line":9,"column":34}},"2":{"start":{"line":18,"column":20},"end":{"line":23,"column":null}},"3":{"start":{"line":25,"column":12},"end":{"line":25,"column":13}},"4":{"start":{"line":28,"column":2},"end":{"line":28,"column":null}},"5":{"start":{"line":29,"column":2},"end":{"line":29,"column":null}},"6":{"start":{"line":56,"column":22},"end":{"line":56,"column":70}},"7":{"start":{"line":58,"column":25},"end":{"line":72,"column":1}},"8":{"start":{"line":59,"column":2},"end":{"line":61,"column":3}},"9":{"start":{"line":60,"column":4},"end":{"line":60,"column":10}},"10":{"start":{"line":63,"column":18},"end":{"line":69,"column":24}},"11":{"start":{"line":64,"column":4},"end":{"line":64,"column":null}},"12":{"start":{"line":65,"column":4},"end":{"line":68,"column":null}},"13":{"start":{"line":71,"column":2},"end":{"line":71,"column":null}},"14":{"start":{"line":74,"column":23},"end":{"line":127,"column":1}},"15":{"start":{"line":75,"column":2},"end":{"line":126,"column":3}},"16":{"start":{"line":77,"column":6},"end":{"line":79,"column":null}},"17":{"start":{"line":83,"column":6},"end":{"line":87,"column":null}},"18":{"start":{"line":86,"column":10},"end":{"line":86,"column":66}},"19":{"start":{"line":91,"column":26},"end":{"line":91,"column":32}},"20":{"start":{"line":95,"column":6},"end":{"line":101,"column":7}},"21":{"start":{"line":96,"column":8},"end":{"line":96,"column":null}},"22":{"start":{"line":98,"column":8},"end":{"line":100,"column":null}},"23":{"start":{"line":99,"column":10},"end":{"line":99,"column":null}},"24":{"start":{"line":103,"column":6},"end":{"line":112,"column":null}},"25":{"start":{"line":106,"column":10},"end":{"line":111,"column":15}},"26":{"start":{"line":116,"column":6},"end":{"line":121,"column":7}},"27":{"start":{"line":117,"column":8},"end":{"line":119,"column":null}},"28":{"start":{"line":122,"column":6},"end":{"line":124,"column":null}},"29":{"start":{"line":124,"column":43},"end":{"line":124,"column":66}},"30":{"start":{"line":129,"column":49},"end":{"line":129,"column":51}},"31":{"start":{"line":131,"column":25},"end":{"line":131,"column":39}},"32":{"start":{"line":134,"column":2},"end":{"line":134,"column":null}},"33":{"start":{"line":135,"column":2},"end":{"line":137,"column":null}},"34":{"start":{"line":136,"column":4},"end":{"line":136,"column":null}},"35":{"start":{"line":142,"column":25},"end":{"line":142,"column":34}},"36":{"start":{"line":143,"column":13},"end":{"line":143,"column":20}},"37":{"start":{"line":145,"column":17},"end":{"line":149,"column":6}},"38":{"start":{"line":146,"column":4},"end":{"line":149,"column":6}},"39":{"start":{"line":150,"column":18},"end":{"line":150,"column":72}},"40":{"start":{"line":150,"column":24},"end":{"line":150,"column":72}},"41":{"start":{"line":152,"column":2},"end":{"line":162,"column":null}},"42":{"start":{"line":159,"column":8},"end":{"line":159,"column":null}},"43":{"start":{"line":159,"column":19},"end":{"line":159,"column":null}},"44":{"start":{"line":164,"column":2},"end":{"line":168,"column":null}},"45":{"start":{"line":172,"column":28},"end":{"line":172,"column":62}},"46":{"start":{"line":174,"column":2},"end":{"line":182,"column":null}},"47":{"start":{"line":175,"column":4},"end":{"line":175,"column":null}},"48":{"start":{"line":176,"column":4},"end":{"line":181,"column":null}},"49":{"start":{"line":177,"column":20},"end":{"line":177,"column":47}},"50":{"start":{"line":178,"column":6},"end":{"line":180,"column":7}},"51":{"start":{"line":179,"column":8},"end":{"line":179,"column":null}},"52":{"start":{"line":184,"column":2},"end":{"line":187,"column":null}},"53":{"start":{"line":187,"column":35},"end":{"line":187,"column":79}}},"fnMap":{"0":{"name":"genId","decl":{"start":{"line":27,"column":9},"end":{"line":27,"column":14}},"loc":{"start":{"line":27,"column":14},"end":{"line":30,"column":1}}},"1":{"name":"(anonymous_2)","decl":{"start":{"line":58,"column":25},"end":{"line":58,"column":26}},"loc":{"start":{"line":58,"column":45},"end":{"line":72,"column":1}}},"2":{"name":"(anonymous_3)","decl":{"start":{"line":63,"column":29},"end":{"line":63,"column":32}},"loc":{"start":{"line":63,"column":34},"end":{"line":69,"column":3}}},"3":{"name":"(anonymous_4)","decl":{"start":{"line":74,"column":23},"end":{"line":74,"column":24}},"loc":{"start":{"line":74,"column":63},"end":{"line":127,"column":1}}},"4":{"name":"(anonymous_5)","decl":{"start":{"line":85,"column":33},"end":{"line":85,"column":34}},"loc":{"start":{"line":86,"column":10},"end":{"line":86,"column":66}}},"5":{"name":"(anonymous_6)","decl":{"start":{"line":98,"column":29},"end":{"line":98,"column":30}},"loc":{"start":{"line":98,"column":39},"end":{"line":100,"column":9}}},"6":{"name":"(anonymous_7)","decl":{"start":{"line":105,"column":33},"end":{"line":105,"column":34}},"loc":{"start":{"line":106,"column":10},"end":{"line":111,"column":15}}},"7":{"name":"(anonymous_8)","decl":{"start":{"line":124,"column":36},"end":{"line":124,"column":37}},"loc":{"start":{"line":124,"column":43},"end":{"line":124,"column":66}}},"8":{"name":"dispatch","decl":{"start":{"line":133,"column":9},"end":{"line":133,"column":17}},"loc":{"start":{"line":133,"column":32},"end":{"line":138,"column":1}}},"9":{"name":"(anonymous_10)","decl":{"start":{"line":135,"column":20},"end":{"line":135,"column":21}},"loc":{"start":{"line":135,"column":33},"end":{"line":137,"column":3}}},"10":{"name":"toast","decl":{"start":{"line":142,"column":9},"end":{"line":142,"column":14}},"loc":{"start":{"line":142,"column":34},"end":{"line":169,"column":1}}},"11":{"name":"(anonymous_12)","decl":{"start":{"line":145,"column":17},"end":{"line":145,"column":18}},"loc":{"start":{"line":146,"column":4},"end":{"line":149,"column":6}}},"12":{"name":"(anonymous_13)","decl":{"start":{"line":150,"column":18},"end":{"line":150,"column":21}},"loc":{"start":{"line":150,"column":24},"end":{"line":150,"column":72}}},"13":{"name":"(anonymous_14)","decl":{"start":{"line":158,"column":20},"end":{"line":158,"column":21}},"loc":{"start":{"line":158,"column":29},"end":{"line":160,"column":7}}},"14":{"name":"useToast","decl":{"start":{"line":171,"column":9},"end":{"line":171,"column":17}},"loc":{"start":{"line":171,"column":17},"end":{"line":189,"column":1}}},"15":{"name":"(anonymous_16)","decl":{"start":{"line":174,"column":18},"end":{"line":174,"column":21}},"loc":{"start":{"line":174,"column":23},"end":{"line":182,"column":3}}},"16":{"name":"(anonymous_17)","decl":{"start":{"line":176,"column":11},"end":{"line":176,"column":14}},"loc":{"start":{"line":176,"column":16},"end":{"line":181,"column":5}}},"17":{"name":"(anonymous_18)","decl":{"start":{"line":187,"column":13},"end":{"line":187,"column":14}},"loc":{"start":{"line":187,"column":35},"end":{"line":187,"column":79}}}},"branchMap":{"0":{"loc":{"start":{"line":59,"column":2},"end":{"line":61,"column":3}},"type":"if","locations":[{"start":{"line":59,"column":2},"end":{"line":61,"column":3}},{"start":{},"end":{}}]},"1":{"loc":{"start":{"line":75,"column":2},"end":{"line":126,"column":3}},"type":"switch","locations":[{"start":{"line":76,"column":4},"end":{"line":79,"column":null}},{"start":{"line":82,"column":4},"end":{"line":87,"column":null}},{"start":{"line":90,"column":4},"end":{"line":114,"column":5}},{"start":{"line":115,"column":4},"end":{"line":124,"column":null}}]},"2":{"loc":{"start":{"line":86,"column":10},"end":{"line":86,"column":66}},"type":"cond-expr","locations":[{"start":{"line":86,"column":36},"end":{"line":86,"column":63}},{"start":{"line":86,"column":65},"end":{"line":86,"column":66}}]},"3":{"loc":{"start":{"line":95,"column":6},"end":{"line":101,"column":7}},"type":"if","locations":[{"start":{"line":95,"column":6},"end":{"line":101,"column":7}},{"start":{"line":97,"column":13},"end":{"line":101,"column":7}}]},"4":{"loc":{"start":{"line":106,"column":10},"end":{"line":111,"column":15}},"type":"cond-expr","locations":[{"start":{"line":107,"column":13},"end":{"line":109,"column":null}},{"start":{"line":111,"column":14},"end":{"line":111,"column":15}}]},"5":{"loc":{"start":{"line":106,"column":10},"end":{"line":106,"column":51}},"type":"binary-expr","locations":[{"start":{"line":106,"column":10},"end":{"line":106,"column":26}},{"start":{"line":106,"column":30},"end":{"line":106,"column":51}}]},"6":{"loc":{"start":{"line":116,"column":6},"end":{"line":121,"column":7}},"type":"if","locations":[{"start":{"line":116,"column":6},"end":{"line":121,"column":7}},{"start":{},"end":{}}]},"7":{"loc":{"start":{"line":159,"column":8},"end":{"line":159,"column":null}},"type":"if","locations":[{"start":{"line":159,"column":8},"end":{"line":159,"column":null}},{"start":{},"end":{}}]},"8":{"loc":{"start":{"line":178,"column":6},"end":{"line":180,"column":7}},"type":"if","locations":[{"start":{"line":178,"column":6},"end":{"line":180,"column":7}},{"start":{},"end":{}}]}},"s":{"0":0,"1":0,"2":0,"3":0,"4":0,"5":0,"6":0,"7":0,"8":0,"9":0,"10":0,"11":0,"12":0,"13":0,"14":0,"15":0,"16":0,"17":0,"18":0,"19":0,"20":0,"21":0,"22":0,"23":0,"24":0,"25":0,"26":0,"27":0,"28":0,"29":0,"30":0,"31":0,"32":0,"33":0,"34":0,"35":0,"36":0,"37":0,"38":0,"39":0,"40":0,"41":0,"42":0,"43":0,"44":0,"45":0,"46":0,"47":0,"48":0,"49":0,"50":0,"51":0,"52":0,"53":0},"f":{"0":0,"1":0,"2":0,"3":0,"4":0,"5":0,"6":0,"7":0,"8":0,"9":0,"10":0,"11":0,"12":0,"13":0,"14":0,"15":0,"16":0,"17":0},"b":{"0":[0,0],"1":[0,0,0,0],"2":[0,0],"3":[0,0],"4":[0,0],"5":[0,0],"6":[0,0],"7":[0,0],"8":[0,0]}}
,"/Users/kv-root/Contracts/Kontracts/client/src/lib/queryClient.ts": {"path":"/Users/kv-root/Contracts/Kontracts/client/src/lib/queryClient.ts","statementMap":{"0":{"start":{"line":4,"column":2},"end":{"line":7,"column":3}},"1":{"start":{"line":5,"column":17},"end":{"line":5,"column":53}},"2":{"start":{"line":6,"column":4},"end":{"line":6,"column":46}},"3":{"start":{"line":15,"column":14},"end":{"line":20,"column":4}},"4":{"start":{"line":22,"column":2},"end":{"line":22,"column":29}},"5":{"start":{"line":23,"column":2},"end":{"line":23,"column":13}},"6":{"start":{"line":30,"column":2},"end":{"line":42,"column":4}},"7":{"start":{"line":31,"column":2},"end":{"line":42,"column":4}},"8":{"start":{"line":31,"column":25},"end":{"line":42,"column":4}},"9":{"start":{"line":32,"column":16},"end":{"line":34,"column":6}},"10":{"start":{"line":36,"column":4},"end":{"line":38,"column":5}},"11":{"start":{"line":37,"column":6},"end":{"line":37,"column":18}},"12":{"start":{"line":40,"column":4},"end":{"line":40,"column":31}},"13":{"start":{"line":41,"column":4},"end":{"line":41,"column":28}},"14":{"start":{"line":44,"column":27},"end":{"line":57,"column":2}}},"fnMap":{"0":{"name":"throwIfResNotOk","decl":{"start":{"line":3,"column":15},"end":{"line":3,"column":30}},"loc":{"start":{"line":3,"column":44},"end":{"line":8,"column":null}}},"1":{"name":"apiRequest","decl":{"start":{"line":10,"column":22},"end":{"line":10,"column":32}},"loc":{"start":{"line":13,"column":28},"end":{"line":24,"column":null}}},"2":{"name":"(anonymous_11)","decl":{"start":{"line":30,"column":2},"end":{"line":30,"column":3}},"loc":{"start":{"line":31,"column":2},"end":{"line":42,"column":4}}},"3":{"name":"(anonymous_12)","decl":{"start":{"line":31,"column":2},"end":{"line":31,"column":9}},"loc":{"start":{"line":31,"column":25},"end":{"line":42,"column":4}}},"4":{"name":"(anonymous_13)","decl":{"start":{"line":31,"column":25},"end":{"line":31,"column":null}},"loc":{"start":{"line":31,"column":21},"end":{"line":42,"column":3}}}},"branchMap":{"0":{"loc":{"start":{"line":4,"column":2},"end":{"line":7,"column":3}},"type":"if","locations":[{"start":{"line":4,"column":2},"end":{"line":7,"column":3}},{"start":{},"end":{}}]},"1":{"loc":{"start":{"line":5,"column":17},"end":{"line":5,"column":53}},"type":"binary-expr","locations":[{"start":{"line":5,"column":18},"end":{"line":5,"column":34}},{"start":{"line":5,"column":39},"end":{"line":5,"column":53}}]},"2":{"loc":{"start":{"line":17,"column":13},"end":{"line":17,"column":63}},"type":"cond-expr","locations":[{"start":{"line":17,"column":20},"end":{"line":17,"column":58}},{"start":{"line":17,"column":61},"end":{"line":17,"column":63}}]},"3":{"loc":{"start":{"line":18,"column":10},"end":{"line":18,"column":49}},"type":"cond-expr","locations":[{"start":{"line":18,"column":17},"end":{"line":18,"column":37}},{"start":{"line":18,"column":40},"end":{"line":18,"column":49}}]},"4":{"loc":{"start":{"line":36,"column":4},"end":{"line":38,"column":5}},"type":"if","locations":[{"start":{"line":36,"column":4},"end":{"line":38,"column":5}},{"start":{},"end":{}}]},"5":{"loc":{"start":{"line":36,"column":8},"end":{"line":36,"column":67}},"type":"binary-expr","locations":[{"start":{"line":36,"column":8},"end":{"line":36,"column":45}},{"start":{"line":36,"column":49},"end":{"line":36,"column":67}}]}},"s":{"0":0,"1":0,"2":0,"3":0,"4":0,"5":0,"6":0,"7":0,"8":0,"9":0,"10":0,"11":0,"12":0,"13":0,"14":0},"f":{"0":0,"1":0,"2":0,"3":0,"4":0},"b":{"0":[0,0],"1":[0,0],"2":[0,0],"3":[0,0],"4":[0,0],"5":[0,0]}}
,"/Users/kv-root/Contracts/Kontracts/client/src/lib/utils.ts": {"path":"/Users/kv-root/Contracts/Kontracts/client/src/lib/utils.ts","statementMap":{"0":{"start":{"line":5,"column":2},"end":{"line":5,"column":null}}},"fnMap":{"0":{"name":"cn","decl":{"start":{"line":4,"column":16},"end":{"line":4,"column":18}},"loc":{"start":{"line":4,"column":42},"end":{"line":6,"column":1}}}},"branchMap":{},"s":{"0":0},"f":{"0":0},"b":{}}
,"/Users/kv-root/Contracts/Kontracts/server/db.ts": {"path":"/Users/kv-root/Contracts/Kontracts/server/db.ts","statementMap":{"0":{"start":{"line":2,"column":0},"end":{"line":2,"column":16}},"1":{"start":{"line":10,"column":15},"end":{"line":24,"column":2}},"2":{"start":{"line":28,"column":0},"end":{"line":34,"column":1}},"3":{"start":{"line":30,"column":2},"end":{"line":30,"column":62}},"4":{"start":{"line":33,"column":2},"end":{"line":33,"column":22}},"5":{"start":{"line":36,"column":20},"end":{"line":36,"column":40}},"6":{"start":{"line":37,"column":18},"end":{"line":37,"column":43}},"7":{"start":{"line":40,"column":0},"end":{"line":49,"column":5}},"8":{"start":{"line":42,"column":4},"end":{"line":45,"column":7}},"9":{"start":{"line":43,"column":6},"end":{"line":43,"column":69}},"10":{"start":{"line":44,"column":6},"end":{"line":44,"column":23}},"11":{"start":{"line":48,"column":4},"end":{"line":48,"column":66}}},"fnMap":{"0":{"name":"(anonymous_0)","decl":{"start":{"line":41,"column":8},"end":{"line":41,"column":14}},"loc":{"start":{"line":41,"column":17},"end":{"line":46,"column":3}}},"1":{"name":"(anonymous_1)","decl":{"start":{"line":42,"column":49},"end":{"line":42,"column":55}},"loc":{"start":{"line":42,"column":58},"end":{"line":45,"column":5}}},"2":{"name":"(anonymous_2)","decl":{"start":{"line":47,"column":9},"end":{"line":47,"column":12}},"loc":{"start":{"line":47,"column":15},"end":{"line":49,"column":3}}}},"branchMap":{"0":{"loc":{"start":{"line":13,"column":8},"end":{"line":13,"column":74}},"type":"binary-expr","locations":[{"start":{"line":13,"column":8},"end":{"line":13,"column":27}},{"start":{"line":13,"column":31},"end":{"line":13,"column":74}}]},"1":{"loc":{"start":{"line":14,"column":17},"end":{"line":14,"column":47}},"type":"binary-expr","locations":[{"start":{"line":14,"column":17},"end":{"line":14,"column":36}},{"start":{"line":14,"column":40},"end":{"line":14,"column":47}}]},"2":{"loc":{"start":{"line":15,"column":12},"end":{"line":15,"column":46}},"type":"binary-expr","locations":[{"start":{"line":15,"column":12},"end":{"line":15,"column":31}},{"start":{"line":15,"column":35},"end":{"line":15,"column":46}}]},"3":{"loc":{"start":{"line":18,"column":8},"end":{"line":18,"column":72}},"type":"binary-expr","locations":[{"start":{"line":18,"column":8},"end":{"line":18,"column":30}},{"start":{"line":18,"column":34},"end":{"line":18,"column":72}}]},"4":{"loc":{"start":{"line":28,"column":0},"end":{"line":34,"column":1}},"type":"if","locations":[{"start":{"line":28,"column":0},"end":{"line":34,"column":1}},{"start":{"line":31,"column":7},"end":{"line":34,"column":1}}]},"5":{"loc":{"start":{"line":28,"column":4},"end":{"line":28,"column":52}},"type":"binary-expr","locations":[{"start":{"line":28,"column":4},"end":{"line":28,"column":28}},{"start":{"line":28,"column":32},"end":{"line":28,"column":52}}]}},"s":{"0":0,"1":0,"2":0,"3":0,"4":0,"5":0,"6":0,"7":0,"8":0,"9":0,"10":0,"11":0},"f":{"0":0,"1":0,"2":0},"b":{"0":[0,0],"1":[0,0],"2":[0,0],"3":[0,0],"4":[0,0],"5":[0,0]}}
,"/Users/kv-root/Contracts/Kontracts/server/seed.ts": {"path":"/Users/kv-root/Contracts/Kontracts/server/seed.ts","statementMap":{"0":{"start":{"line":5,"column":2},"end":{"line":5,"column":37}},"1":{"start":{"line":7,"column":2},"end":{"line":100,"column":3}},"2":{"start":{"line":9,"column":19},"end":{"line":15,"column":40}},"3":{"start":{"line":17,"column":4},"end":{"line":17,"column":65}},"4":{"start":{"line":20,"column":22},"end":{"line":31,"column":28}},"5":{"start":{"line":33,"column":22},"end":{"line":44,"column":28}},"6":{"start":{"line":46,"column":4},"end":{"line":46,"column":36}},"7":{"start":{"line":49,"column":4},"end":{"line":57,"column":29}},"8":{"start":{"line":59,"column":4},"end":{"line":67,"column":29}},"9":{"start":{"line":69,"column":4},"end":{"line":69,"column":35}},"10":{"start":{"line":72,"column":4},"end":{"line":81,"column":29}},"11":{"start":{"line":83,"column":4},"end":{"line":92,"column":29}},"12":{"start":{"line":94,"column":4},"end":{"line":94,"column":45}},"13":{"start":{"line":95,"column":4},"end":{"line":95,"column":60}},"14":{"start":{"line":98,"column":4},"end":{"line":98,"column":52}},"15":{"start":{"line":99,"column":4},"end":{"line":99,"column":16}},"16":{"start":{"line":104,"column":0},"end":{"line":112,"column":5}},"17":{"start":{"line":106,"column":4},"end":{"line":106,"column":37}},"18":{"start":{"line":107,"column":4},"end":{"line":107,"column":20}},"19":{"start":{"line":110,"column":4},"end":{"line":110,"column":44}},"20":{"start":{"line":111,"column":4},"end":{"line":111,"column":20}}},"fnMap":{"0":{"name":"seedDatabase","decl":{"start":{"line":4,"column":22},"end":{"line":4,"column":34}},"loc":{"start":{"line":4,"column":34},"end":{"line":101,"column":null}}},"1":{"name":"(anonymous_9)","decl":{"start":{"line":105,"column":8},"end":{"line":105,"column":11}},"loc":{"start":{"line":105,"column":13},"end":{"line":108,"column":3}}},"2":{"name":"(anonymous_10)","decl":{"start":{"line":109,"column":9},"end":{"line":109,"column":10}},"loc":{"start":{"line":109,"column":19},"end":{"line":112,"column":3}}}},"branchMap":{"0":{"loc":{"start":{"line":17,"column":33},"end":{"line":17,"column":63}},"type":"binary-expr","locations":[{"start":{"line":17,"column":33},"end":{"line":17,"column":43}},{"start":{"line":17,"column":47},"end":{"line":17,"column":63}}]},"1":{"loc":{"start":{"line":17,"column":33},"end":{"line":17,"column":43}},"type":"cond-expr","locations":[{"start":{"line":17,"column":37},"end":{"line":17,"column":39}},{"start":{"line":17,"column":33},"end":{"line":17,"column":43}}]},"2":{"loc":{"start":{"line":17,"column":33},"end":{"line":17,"column":39}},"type":"binary-expr","locations":[{"start":{"line":17,"column":33},"end":{"line":17,"column":39}},{"start":{"line":17,"column":33},"end":{"line":17,"column":39}}]}},"s":{"0":0,"1":0,"2":0,"3":0,"4":0,"5":0,"6":0,"7":0,"8":0,"9":0,"10":0,"11":0,"12":0,"13":0,"14":0,"15":0,"16":0,"17":0,"18":0,"19":0,"20":0},"f":{"0":0,"1":0,"2":0},"b":{"0":[0,0],"1":[0,0],"2":[0,0]}}
,"/Users/kv-root/Contracts/Kontracts/server/supertokens-config.ts": {"path":"/Users/kv-root/Contracts/Kontracts/server/supertokens-config.ts","statementMap":{"0":{"start":{"line":10,"column":20},"end":{"line":10,"column":44}},"1":{"start":{"line":11,"column":19},"end":{"line":13,"column":39}},"2":{"start":{"line":14,"column":4},"end":{"line":14,"column":18}},"3":{"start":{"line":18,"column":24},"end":{"line":18,"column":28}},"4":{"start":{"line":19,"column":23},"end":{"line":21,"column":43}},"5":{"start":{"line":22,"column":4},"end":{"line":22,"column":22}},"6":{"start":{"line":25,"column":44},"end":{"line":77,"column":2}}},"fnMap":{"0":{"name":"getApiDomain","decl":{"start":{"line":9,"column":16},"end":{"line":9,"column":28}},"loc":{"start":{"line":9,"column":28},"end":{"line":15,"column":1}}},"1":{"name":"getWebsiteDomain","decl":{"start":{"line":17,"column":16},"end":{"line":17,"column":32}},"loc":{"start":{"line":17,"column":32},"end":{"line":23,"column":1}}}},"branchMap":{"0":{"loc":{"start":{"line":10,"column":20},"end":{"line":10,"column":44}},"type":"binary-expr","locations":[{"start":{"line":10,"column":20},"end":{"line":10,"column":36}},{"start":{"line":10,"column":40},"end":{"line":10,"column":44}}]},"1":{"loc":{"start":{"line":11,"column":19},"end":{"line":13,"column":39}},"type":"cond-expr","locations":[{"start":{"line":12,"column":10},"end":{"line":12,"column":46}},{"start":{"line":13,"column":10},"end":{"line":13,"column":39}}]},"2":{"loc":{"start":{"line":19,"column":23},"end":{"line":21,"column":43}},"type":"cond-expr","locations":[{"start":{"line":20,"column":10},"end":{"line":20,"column":46}},{"start":{"line":21,"column":10},"end":{"line":21,"column":43}}]},"3":{"loc":{"start":{"line":27,"column":23},"end":{"line":27,"column":94}},"type":"binary-expr","locations":[{"start":{"line":27,"column":23},"end":{"line":27,"column":61}},{"start":{"line":27,"column":65},"end":{"line":27,"column":94}}]},"4":{"loc":{"start":{"line":46,"column":46},"end":{"line":46,"column":80}},"type":"binary-expr","locations":[{"start":{"line":46,"column":46},"end":{"line":46,"column":74}},{"start":{"line":46,"column":78},"end":{"line":46,"column":80}}]},"5":{"loc":{"start":{"line":47,"column":50},"end":{"line":47,"column":88}},"type":"binary-expr","locations":[{"start":{"line":47,"column":50},"end":{"line":47,"column":82}},{"start":{"line":47,"column":86},"end":{"line":47,"column":88}}]},"6":{"loc":{"start":{"line":57,"column":46},"end":{"line":57,"column":80}},"type":"binary-expr","locations":[{"start":{"line":57,"column":46},"end":{"line":57,"column":74}},{"start":{"line":57,"column":78},"end":{"line":57,"column":80}}]},"7":{"loc":{"start":{"line":58,"column":50},"end":{"line":58,"column":88}},"type":"binary-expr","locations":[{"start":{"line":58,"column":50},"end":{"line":58,"column":82}},{"start":{"line":58,"column":86},"end":{"line":58,"column":88}}]}},"s":{"0":0,"1":0,"2":0,"3":0,"4":0,"5":0,"6":0},"f":{"0":0,"1":0},"b":{"0":[0,0],"1":[0,0],"2":[0,0],"3":[0,0],"4":[0,0],"5":[0,0],"6":[0,0],"7":[0,0]}}
,"/Users/kv-root/Contracts/Kontracts/server/vite.ts": {"path":"/Users/kv-root/Contracts/Kontracts/server/vite.ts","statementMap":{"0":{"start":{"line":10,"column":18},"end":{"line":10,"column":62}},"1":{"start":{"line":12,"column":19},"end":{"line":12,"column":33}},"2":{"start":{"line":15,"column":24},"end":{"line":20,"column":4}},"3":{"start":{"line":22,"column":2},"end":{"line":22,"column":57}},"4":{"start":{"line":26,"column":24},"end":{"line":30,"column":4}},"5":{"start":{"line":32,"column":15},"end":{"line":43,"column":null}},"6":{"start":{"line":38,"column":8},"end":{"line":38,"column":39}},"7":{"start":{"line":39,"column":8},"end":{"line":39,"column":24}},"8":{"start":{"line":46,"column":2},"end":{"line":46,"column":28}},"9":{"start":{"line":47,"column":2},"end":{"line":70,"column":5}},"10":{"start":{"line":47,"column":40},"end":{"line":70,"column":4}},"11":{"start":{"line":48,"column":16},"end":{"line":48,"column":31}},"12":{"start":{"line":50,"column":4},"end":{"line":69,"column":5}},"13":{"start":{"line":51,"column":29},"end":{"line":55,"column":null}},"14":{"start":{"line":59,"column":21},"end":{"line":59,"column":72}},"15":{"start":{"line":60,"column":6},"end":{"line":63,"column":8}},"16":{"start":{"line":64,"column":19},"end":{"line":64,"column":63}},"17":{"start":{"line":65,"column":6},"end":{"line":65,"column":69}},"18":{"start":{"line":67,"column":6},"end":{"line":67,"column":40}},"19":{"start":{"line":68,"column":6},"end":{"line":68,"column":14}},"20":{"start":{"line":74,"column":19},"end":{"line":74,"column":52}},"21":{"start":{"line":76,"column":2},"end":{"line":80,"column":3}},"22":{"start":{"line":77,"column":4},"end":{"line":79,"column":6}},"23":{"start":{"line":82,"column":2},"end":{"line":82,"column":36}},"24":{"start":{"line":85,"column":2},"end":{"line":87,"column":5}},"25":{"start":{"line":86,"column":4},"end":{"line":86,"column":55}}},"fnMap":{"0":{"name":"log","decl":{"start":{"line":14,"column":16},"end":{"line":14,"column":19}},"loc":{"start":{"line":14,"column":55},"end":{"line":23,"column":1}}},"1":{"name":"setupVite","decl":{"start":{"line":25,"column":22},"end":{"line":25,"column":31}},"loc":{"start":{"line":25,"column":60},"end":{"line":71,"column":null}}},"2":{"name":"(anonymous_10)","decl":{"start":{"line":37,"column":13},"end":{"line":37,"column":14}},"loc":{"start":{"line":37,"column":30},"end":{"line":40,"column":7}}},"3":{"name":"(anonymous_11)","decl":{"start":{"line":47,"column":15},"end":{"line":47,"column":22}},"loc":{"start":{"line":47,"column":40},"end":{"line":70,"column":4}}},"4":{"name":"(anonymous_12)","decl":{"start":{"line":47,"column":40},"end":{"line":47,"column":null}},"loc":{"start":{"line":47,"column":40},"end":{"line":70,"column":3}}},"5":{"name":"serveStatic","decl":{"start":{"line":73,"column":16},"end":{"line":73,"column":27}},"loc":{"start":{"line":73,"column":40},"end":{"line":88,"column":1}}},"6":{"name":"(anonymous_14)","decl":{"start":{"line":85,"column":15},"end":{"line":85,"column":16}},"loc":{"start":{"line":85,"column":29},"end":{"line":87,"column":3}}}},"branchMap":{"0":{"loc":{"start":{"line":14,"column":37},"end":{"line":14,"column":55}},"type":"default-arg","locations":[{"start":{"line":14,"column":46},"end":{"line":14,"column":55}}]},"1":{"loc":{"start":{"line":76,"column":2},"end":{"line":80,"column":3}},"type":"if","locations":[{"start":{"line":76,"column":2},"end":{"line":80,"column":3}},{"start":{},"end":{}}]}},"s":{"0":0,"1":0,"2":0,"3":0,"4":0,"5":0,"6":0,"7":0,"8":0,"9":0,"10":0,"11":0,"12":0,"13":0,"14":0,"15":0,"16":0,"17":0,"18":0,"19":0,"20":0,"21":0,"22":0,"23":0,"24":0,"25":0},"f":{"0":0,"1":0,"2":0,"3":0,"4":0,"5":0,"6":0},"b":{"0":[0],"1":[0,0]}}
,"/Users/kv-root/Contracts/Kontracts/server/services/openai.ts": {"path":"/Users/kv-root/Contracts/Kontracts/server/services/openai.ts","statementMap":{"0":{"start":{"line":4,"column":15},"end":{"line":6,"column":2}},"1":{"start":{"line":28,"column":2},"end":{"line":58,"column":3}},"2":{"start":{"line":29,"column":21},"end":{"line":42,"column":6}},"3":{"start":{"line":44,"column":19},"end":{"line":44,"column":74}},"4":{"start":{"line":45,"column":4},"end":{"line":55,"column":6}},"5":{"start":{"line":57,"column":4},"end":{"line":57,"column":84}},"6":{"start":{"line":67,"column":2},"end":{"line":93,"column":3}},"7":{"start":{"line":68,"column":20},"end":{"line":72,"column":2}},"8":{"start":{"line":74,"column":21},"end":{"line":87,"column":6}},"9":{"start":{"line":89,"column":19},"end":{"line":89,"column":95}},"10":{"start":{"line":90,"column":4},"end":{"line":90,"column":40}},"11":{"start":{"line":92,"column":4},"end":{"line":92,"column":90}},"12":{"start":{"line":98,"column":2},"end":{"line":116,"column":3}},"13":{"start":{"line":99,"column":21},"end":{"line":111,"column":6}},"14":{"start":{"line":113,"column":4},"end":{"line":113,"column":74}},"15":{"start":{"line":115,"column":4},"end":{"line":115,"column":89}}},"fnMap":{"0":{"name":"extractContractData","decl":{"start":{"line":27,"column":22},"end":{"line":27,"column":41}},"loc":{"start":{"line":27,"column":62},"end":{"line":59,"column":null}}},"1":{"name":"generateAIRecommendations","decl":{"start":{"line":61,"column":22},"end":{"line":61,"column":47}},"loc":{"start":{"line":65,"column":3},"end":{"line":94,"column":null}}},"2":{"name":"generateContractInsights","decl":{"start":{"line":97,"column":22},"end":{"line":97,"column":46}},"loc":{"start":{"line":97,"column":64},"end":{"line":117,"column":null}}}},"branchMap":{"0":{"loc":{"start":{"line":5,"column":10},"end":{"line":5,"column":71}},"type":"binary-expr","locations":[{"start":{"line":5,"column":10},"end":{"line":5,"column":36}},{"start":{"line":5,"column":40},"end":{"line":5,"column":71}}]},"1":{"loc":{"start":{"line":44,"column":30},"end":{"line":44,"column":73}},"type":"binary-expr","locations":[{"start":{"line":44,"column":30},"end":{"line":44,"column":65}},{"start":{"line":44,"column":69},"end":{"line":44,"column":73}}]},"2":{"loc":{"start":{"line":46,"column":20},"end":{"line":46,"column":61}},"type":"binary-expr","locations":[{"start":{"line":46,"column":20},"end":{"line":46,"column":39}},{"start":{"line":46,"column":43},"end":{"line":46,"column":61}}]},"3":{"loc":{"start":{"line":47,"column":14},"end":{"line":47,"column":47}},"type":"binary-expr","locations":[{"start":{"line":47,"column":14},"end":{"line":47,"column":27}},{"start":{"line":47,"column":31},"end":{"line":47,"column":47}}]},"4":{"loc":{"start":{"line":48,"column":20},"end":{"line":48,"column":52}},"type":"binary-expr","locations":[{"start":{"line":48,"column":20},"end":{"line":48,"column":39}},{"start":{"line":48,"column":43},"end":{"line":48,"column":52}}]},"5":{"loc":{"start":{"line":49,"column":20},"end":{"line":49,"column":51}},"type":"binary-expr","locations":[{"start":{"line":49,"column":20},"end":{"line":49,"column":39}},{"start":{"line":49,"column":43},"end":{"line":49,"column":51}}]},"6":{"loc":{"start":{"line":50,"column":23},"end":{"line":50,"column":73}},"type":"binary-expr","locations":[{"start":{"line":50,"column":23},"end":{"line":50,"column":45}},{"start":{"line":50,"column":49},"end":{"line":50,"column":73}}]},"7":{"loc":{"start":{"line":51,"column":14},"end":{"line":51,"column":44}},"type":"binary-expr","locations":[{"start":{"line":51,"column":14},"end":{"line":51,"column":39}},{"start":{"line":51,"column":43},"end":{"line":51,"column":44}}]},"8":{"loc":{"start":{"line":52,"column":17},"end":{"line":52,"column":61}},"type":"binary-expr","locations":[{"start":{"line":52,"column":17},"end":{"line":52,"column":33}},{"start":{"line":52,"column":37},"end":{"line":52,"column":61}}]},"9":{"loc":{"start":{"line":53,"column":15},"end":{"line":53,"column":57}},"type":"binary-expr","locations":[{"start":{"line":53,"column":15},"end":{"line":53,"column":29}},{"start":{"line":53,"column":33},"end":{"line":53,"column":57}}]},"10":{"loc":{"start":{"line":54,"column":19},"end":{"line":54,"column":83}},"type":"binary-expr","locations":[{"start":{"line":54,"column":19},"end":{"line":54,"column":37}},{"start":{"line":54,"column":41},"end":{"line":54,"column":83}}]},"11":{"loc":{"start":{"line":89,"column":30},"end":{"line":89,"column":94}},"type":"binary-expr","locations":[{"start":{"line":89,"column":30},"end":{"line":89,"column":65}},{"start":{"line":89,"column":69},"end":{"line":89,"column":94}}]},"12":{"loc":{"start":{"line":90,"column":11},"end":{"line":90,"column":39}},"type":"binary-expr","locations":[{"start":{"line":90,"column":11},"end":{"line":90,"column":33}},{"start":{"line":90,"column":37},"end":{"line":90,"column":39}}]},"13":{"loc":{"start":{"line":113,"column":11},"end":{"line":113,"column":73}},"type":"binary-expr","locations":[{"start":{"line":113,"column":11},"end":{"line":113,"column":46}},{"start":{"line":113,"column":50},"end":{"line":113,"column":73}}]}},"s":{"0":0,"1":0,"2":0,"3":0,"4":0,"5":0,"6":0,"7":0,"8":0,"9":0,"10":0,"11":0,"12":0,"13":0,"14":0,"15":0},"f":{"0":0,"1":0,"2":0},"b":{"0":[0,0],"1":[0,0],"2":[0,0],"3":[0,0],"4":[0,0],"5":[0,0],"6":[0,0],"7":[0,0],"8":[0,0],"9":[0,0],"10":[0,0],"11":[0,0],"12":[0,0],"13":[0,0]}}
}
